\BOOKMARK [0][-]{resumen.0}{Resumen}{}% 1
\BOOKMARK [0][-]{section*.2}{Introducci\363n}{}% 2
\BOOKMARK [0][-]{chapter.1}{Entorno Empresarial}{}% 3
\BOOKMARK [1][-]{section.1.1}{Descripci\363n de la empresa}{chapter.1}% 4
\BOOKMARK [1][-]{section.1.2}{Misi\363n}{chapter.1}% 5
\BOOKMARK [1][-]{section.1.3}{Visi\363n}{chapter.1}% 6
\BOOKMARK [1][-]{section.1.4}{Estructura organizacional}{chapter.1}% 7
\BOOKMARK [1][-]{section.1.5}{Ubicaci\363n del pasante}{chapter.1}% 8
\BOOKMARK [0][-]{chapter.2}{Marco Te\363rico}{}% 9
\BOOKMARK [1][-]{section.2.1}{Patrones de dise\361o}{chapter.2}% 10
\BOOKMARK [2][-]{subsection.2.1.1}{Singleton}{section.2.1}% 11
\BOOKMARK [2][-]{subsection.2.1.2}{Adapter}{section.2.1}% 12
\BOOKMARK [2][-]{subsection.2.1.3}{Facade}{section.2.1}% 13
\BOOKMARK [1][-]{section.2.2}{Patrones de arquitectura}{chapter.2}% 14
\BOOKMARK [2][-]{subsection.2.2.1}{Modelo Vista Controlador \(MVC\)}{section.2.2}% 15
\BOOKMARK [2][-]{subsection.2.2.2}{Modelo Vista Presentador \(MVP\)}{section.2.2}% 16
\BOOKMARK [1][-]{section.2.3}{Arquitectura cliente-servidor}{chapter.2}% 17
\BOOKMARK [1][-]{section.2.4}{Servicio web}{chapter.2}% 18
\BOOKMARK [1][-]{section.2.5}{HTTP \(\(Hypertext Transfer Protocol\)\)}{chapter.2}% 19
\BOOKMARK [2][-]{subsection.2.5.1}{HTTP GET}{section.2.5}% 20
\BOOKMARK [2][-]{subsection.2.5.2}{HTTP POST}{section.2.5}% 21
\BOOKMARK [0][-]{chapter.3}{Marco Tecnol\363gico}{}% 22
\BOOKMARK [1][-]{section.3.1}{Herramientas, entornos y lenguajes}{chapter.3}% 23
\BOOKMARK [2][-]{subsection.3.1.1}{Android}{section.3.1}% 24
\BOOKMARK [2][-]{subsection.3.1.2}{Java}{section.3.1}% 25
\BOOKMARK [2][-]{subsection.3.1.3}{MySQL}{section.3.1}% 26
\BOOKMARK [2][-]{subsection.3.1.4}{SQLite}{section.3.1}% 27
\BOOKMARK [2][-]{subsection.3.1.5}{Maven}{section.3.1}% 28
\BOOKMARK [2][-]{subsection.3.1.6}{Jetty}{section.3.1}% 29
\BOOKMARK [2][-]{subsection.3.1.7}{Android Studio}{section.3.1}% 30
\BOOKMARK [2][-]{subsection.3.1.8}{Eclipse}{section.3.1}% 31
\BOOKMARK [2][-]{subsection.3.1.9}{Git}{section.3.1}% 32
\BOOKMARK [1][-]{section.3.2}{Frameworks y libreras}{chapter.3}% 33
\BOOKMARK [2][-]{subsection.3.2.1}{AppFuse}{section.3.2}% 34
\BOOKMARK [2][-]{subsection.3.2.2}{Hibernate}{section.3.2}% 35
\BOOKMARK [2][-]{subsection.3.2.3}{Spring}{section.3.2}% 36
\BOOKMARK [2][-]{subsection.3.2.4}{Tapestry}{section.3.2}% 37
\BOOKMARK [2][-]{subsection.3.2.5}{Gson}{section.3.2}% 38
\BOOKMARK [2][-]{subsection.3.2.6}{Retrofit}{section.3.2}% 39
\BOOKMARK [0][-]{chapter.4}{Marco Metodol\363gico}{}% 40
\BOOKMARK [1][-]{section.4.1}{Scrum}{chapter.4}% 41
\BOOKMARK [2][-]{subsection.4.1.1}{Roles}{section.4.1}% 42
\BOOKMARK [2][-]{subsection.4.1.2}{Actividades}{section.4.1}% 43
\BOOKMARK [2][-]{subsection.4.1.3}{Artefactos}{section.4.1}% 44
\BOOKMARK [0][-]{chapter.5}{Desarrollo de la aplicaci\363n}{}% 45
\BOOKMARK [1][-]{section.5.1}{Investigaci\363n}{chapter.5}% 46
\BOOKMARK [1][-]{section.5.2}{An\341lisis y dise\361o de la soluci\363n}{chapter.5}% 47
\BOOKMARK [2][-]{subsection.5.2.1}{An\341lisis del problema}{section.5.2}% 48
\BOOKMARK [2][-]{subsection.5.2.2}{Dise\361o de la soluci\363n}{section.5.2}% 49
\BOOKMARK [1][-]{section.5.3}{Desarrollo}{chapter.5}% 50
\BOOKMARK [2][-]{subsection.5.3.1}{Iteraci\363n 1}{section.5.3}% 51
\BOOKMARK [2][-]{subsection.5.3.2}{Iteraci\363n 2}{section.5.3}% 52
\BOOKMARK [2][-]{subsection.5.3.3}{Iteraci\363n 3}{section.5.3}% 53
\BOOKMARK [2][-]{subsection.5.3.4}{Iteraci\363n 4}{section.5.3}% 54
\BOOKMARK [2][-]{subsection.5.3.5}{Iteraci\363n 5}{section.5.3}% 55
\BOOKMARK [2][-]{subsection.5.3.6}{Iteraci\363n 6}{section.5.3}% 56
\BOOKMARK [2][-]{subsection.5.3.7}{Iteraci\363n 7}{section.5.3}% 57
\BOOKMARK [2][-]{subsection.5.3.8}{Iteraci\363n 8}{section.5.3}% 58
\BOOKMARK [0][-]{chapter.6}{Conclusiones y Recomendaciones}{}% 59
\BOOKMARK [0][-]{chapter*.42}{Bibliograf\355a}{}% 60
