\BOOKMARK [0][-]{resumen.0}{Resumen}{}% 1
\BOOKMARK [0][-]{chapter*.1}{\315ndice general}{}% 2
\BOOKMARK [0][-]{chapter*.2}{\315ndice de figuras}{}% 3
\BOOKMARK [0][-]{chapter*.4}{Lista de S\355mbolos y Abreviaturas}{}% 4
\BOOKMARK [0][-]{section*.5}{Introducci\363n}{}% 5
\BOOKMARK [0][-]{chapter.1}{Entorno Empresarial}{}% 6
\BOOKMARK [1][-]{section.1.1}{Descripci\363n de la empresa}{chapter.1}% 7
\BOOKMARK [1][-]{section.1.2}{Misi\363n}{chapter.1}% 8
\BOOKMARK [1][-]{section.1.3}{Visi\363n}{chapter.1}% 9
\BOOKMARK [1][-]{section.1.4}{Estructura organizacional}{chapter.1}% 10
\BOOKMARK [1][-]{section.1.5}{Ubicaci\363n del pasante}{chapter.1}% 11
\BOOKMARK [0][-]{chapter.2}{Marco Te\363rico}{}% 12
\BOOKMARK [1][-]{section.2.1}{Patrones de dise\361o}{chapter.2}% 13
\BOOKMARK [2][-]{subsection.2.1.1}{Singleton}{section.2.1}% 14
\BOOKMARK [2][-]{subsection.2.1.2}{Adapter}{section.2.1}% 15
\BOOKMARK [2][-]{subsection.2.1.3}{Facade}{section.2.1}% 16
\BOOKMARK [1][-]{section.2.2}{Patrones de arquitectura}{chapter.2}% 17
\BOOKMARK [2][-]{subsection.2.2.1}{Modelo Vista Controlador \(MVC\)}{section.2.2}% 18
\BOOKMARK [2][-]{subsection.2.2.2}{Modelo Vista Presentador \(MVP\)}{section.2.2}% 19
\BOOKMARK [1][-]{section.2.3}{Arquitectura cliente-servidor}{chapter.2}% 20
\BOOKMARK [1][-]{section.2.4}{Servicio web}{chapter.2}% 21
\BOOKMARK [1][-]{section.2.5}{HTTP \(Hypertext Transfer Protocol\)}{chapter.2}% 22
\BOOKMARK [2][-]{subsection.2.5.1}{HTTP GET}{section.2.5}% 23
\BOOKMARK [2][-]{subsection.2.5.2}{HTTP POST}{section.2.5}% 24
\BOOKMARK [1][-]{section.2.6}{JSON \(JavaScript Object Notation\)}{chapter.2}% 25
\BOOKMARK [1][-]{section.2.7}{POJO \(Plain Old Java Object\)}{chapter.2}% 26
\BOOKMARK [1][-]{section.2.8}{DAO \(Data Access Object\)}{chapter.2}% 27
\BOOKMARK [1][-]{section.2.9}{Manager}{chapter.2}% 28
\BOOKMARK [0][-]{chapter.3}{Marco Tecnol\363gico}{}% 29
\BOOKMARK [1][-]{section.3.1}{Herramientas, entornos y lenguajes}{chapter.3}% 30
\BOOKMARK [2][-]{subsection.3.1.1}{Android}{section.3.1}% 31
\BOOKMARK [2][-]{subsection.3.1.2}{Java}{section.3.1}% 32
\BOOKMARK [2][-]{subsection.3.1.3}{MySQL}{section.3.1}% 33
\BOOKMARK [2][-]{subsection.3.1.4}{SQLite}{section.3.1}% 34
\BOOKMARK [2][-]{subsection.3.1.5}{Maven}{section.3.1}% 35
\BOOKMARK [2][-]{subsection.3.1.6}{Jetty}{section.3.1}% 36
\BOOKMARK [2][-]{subsection.3.1.7}{Android Studio}{section.3.1}% 37
\BOOKMARK [2][-]{subsection.3.1.8}{Eclipse}{section.3.1}% 38
\BOOKMARK [2][-]{subsection.3.1.9}{Git}{section.3.1}% 39
\BOOKMARK [1][-]{section.3.2}{Frameworks y librer\355as}{chapter.3}% 40
\BOOKMARK [2][-]{subsection.3.2.1}{AppFuse}{section.3.2}% 41
\BOOKMARK [2][-]{subsection.3.2.2}{Hibernate}{section.3.2}% 42
\BOOKMARK [2][-]{subsection.3.2.3}{Spring}{section.3.2}% 43
\BOOKMARK [2][-]{subsection.3.2.4}{Tapestry}{section.3.2}% 44
\BOOKMARK [2][-]{subsection.3.2.5}{Gson}{section.3.2}% 45
\BOOKMARK [2][-]{subsection.3.2.6}{Retrofit}{section.3.2}% 46
\BOOKMARK [0][-]{chapter.4}{Marco Metodol\363gico}{}% 47
\BOOKMARK [1][-]{section.4.1}{Scrum}{chapter.4}% 48
\BOOKMARK [2][-]{subsection.4.1.1}{Roles}{section.4.1}% 49
\BOOKMARK [3][-]{subsubsection.4.1.1.1}{Due\361o del producto \(Product owner\)}{subsection.4.1.1}% 50
\BOOKMARK [3][-]{subsubsection.4.1.1.2}{Facilitador de Scrum \(Scrum master\)}{subsection.4.1.1}% 51
\BOOKMARK [3][-]{subsubsection.4.1.1.3}{Equipo de desarrollo}{subsection.4.1.1}% 52
\BOOKMARK [2][-]{subsection.4.1.2}{Actividades}{section.4.1}% 53
\BOOKMARK [3][-]{subsubsection.4.1.2.1}{Planeaci\363n de la iteraci\363n \(Sprint planning\)}{subsection.4.1.2}% 54
\BOOKMARK [3][-]{subsubsection.4.1.2.2}{Ejecuci\363n de la iteraci\363n \(Sprint execution\)}{subsection.4.1.2}% 55
\BOOKMARK [3][-]{subsubsection.4.1.2.3}{Reuni\363n diaria \(Daily scrum\)}{subsection.4.1.2}% 56
\BOOKMARK [3][-]{subsubsection.4.1.2.4}{Revisi\363n de la iteraci\363n \(Sprint review\)}{subsection.4.1.2}% 57
\BOOKMARK [3][-]{subsubsection.4.1.2.5}{Retrospectiva de la iteraci\363n \(Sprint retrospective\)}{subsection.4.1.2}% 58
\BOOKMARK [2][-]{subsection.4.1.3}{Artefactos}{section.4.1}% 59
\BOOKMARK [3][-]{subsubsection.4.1.3.1}{Documento de historias de usuario \(Product backlog\)}{subsection.4.1.3}% 60
\BOOKMARK [3][-]{subsubsection.4.1.3.2}{Lista de tareas de la iteraci\363n \(Sprint backlog\)}{subsection.4.1.3}% 61
\BOOKMARK [0][-]{chapter.5}{Desarrollo de la aplicaci\363n}{}% 62
\BOOKMARK [1][-]{section.5.1}{Investigaci\363n}{chapter.5}% 63
\BOOKMARK [1][-]{section.5.2}{An\341lisis y dise\361o de la soluci\363n}{chapter.5}% 64
\BOOKMARK [2][-]{subsection.5.2.1}{An\341lisis del problema}{section.5.2}% 65
\BOOKMARK [2][-]{subsection.5.2.2}{Dise\361o de la soluci\363n}{section.5.2}% 66
\BOOKMARK [3][-]{subsubsection.5.2.2.1}{Estructura de datos}{subsection.5.2.2}% 67
\BOOKMARK [1][-]{section.5.3}{Desarrollo}{chapter.5}% 68
\BOOKMARK [2][-]{subsection.5.3.1}{Iteraci\363n 1}{section.5.3}% 69
\BOOKMARK [3][-]{subsubsection.5.3.1.1}{Objetivos}{subsection.5.3.1}% 70
\BOOKMARK [3][-]{subsubsection.5.3.1.2}{Resultados}{subsection.5.3.1}% 71
\BOOKMARK [3][-]{subsubsection.5.3.1.3}{Actividades}{subsection.5.3.1}% 72
\BOOKMARK [2][-]{subsection.5.3.2}{Iteraci\363n 2}{section.5.3}% 73
\BOOKMARK [3][-]{subsubsection.5.3.2.1}{Objetivos}{subsection.5.3.2}% 74
\BOOKMARK [3][-]{subsubsection.5.3.2.2}{Resultados}{subsection.5.3.2}% 75
\BOOKMARK [3][-]{subsubsection.5.3.2.3}{Actividades}{subsection.5.3.2}% 76
\BOOKMARK [2][-]{subsection.5.3.3}{Iteraci\363n 3}{section.5.3}% 77
\BOOKMARK [3][-]{subsubsection.5.3.3.1}{Objetivos}{subsection.5.3.3}% 78
\BOOKMARK [3][-]{subsubsection.5.3.3.2}{Resultados}{subsection.5.3.3}% 79
\BOOKMARK [3][-]{subsubsection.5.3.3.3}{Actividades}{subsection.5.3.3}% 80
\BOOKMARK [2][-]{subsection.5.3.4}{Iteraci\363n 4}{section.5.3}% 81
\BOOKMARK [3][-]{subsubsection.5.3.4.1}{Objetivos}{subsection.5.3.4}% 82
\BOOKMARK [3][-]{subsubsection.5.3.4.2}{Resultados}{subsection.5.3.4}% 83
\BOOKMARK [3][-]{subsubsection.5.3.4.3}{Actividades}{subsection.5.3.4}% 84
\BOOKMARK [2][-]{subsection.5.3.5}{Iteraci\363n 5}{section.5.3}% 85
\BOOKMARK [3][-]{subsubsection.5.3.5.1}{Objetivos}{subsection.5.3.5}% 86
\BOOKMARK [3][-]{subsubsection.5.3.5.2}{Resultados}{subsection.5.3.5}% 87
\BOOKMARK [3][-]{subsubsection.5.3.5.3}{Actividades}{subsection.5.3.5}% 88
\BOOKMARK [2][-]{subsection.5.3.6}{Iteraci\363n 6}{section.5.3}% 89
\BOOKMARK [3][-]{subsubsection.5.3.6.1}{Objetivos}{subsection.5.3.6}% 90
\BOOKMARK [3][-]{subsubsection.5.3.6.2}{Resultados}{subsection.5.3.6}% 91
\BOOKMARK [3][-]{subsubsection.5.3.6.3}{Actividades}{subsection.5.3.6}% 92
\BOOKMARK [2][-]{subsection.5.3.7}{Iteraci\363n 7}{section.5.3}% 93
\BOOKMARK [3][-]{subsubsection.5.3.7.1}{Objetivos}{subsection.5.3.7}% 94
\BOOKMARK [3][-]{subsubsection.5.3.7.2}{Resultados}{subsection.5.3.7}% 95
\BOOKMARK [3][-]{subsubsection.5.3.7.3}{Actividades}{subsection.5.3.7}% 96
\BOOKMARK [2][-]{subsection.5.3.8}{Iteraci\363n 8}{section.5.3}% 97
\BOOKMARK [3][-]{subsubsection.5.3.8.1}{Objetivos}{subsection.5.3.8}% 98
\BOOKMARK [3][-]{subsubsection.5.3.8.2}{Resultados}{subsection.5.3.8}% 99
\BOOKMARK [3][-]{subsubsection.5.3.8.3}{Actividades}{subsection.5.3.8}% 100
\BOOKMARK [0][-]{chapter.6}{Conclusiones y Recomendaciones}{}% 101
\BOOKMARK [0][-]{chapter*.23}{Bibliograf\355a}{}% 102
